Build started 11/18/2014 1:53:34 PM.
     1>Project "C:\GIT\cc-jf-dd-finalProject\Visual Studio\ECE485CacheProject\ECE485CacheProject\ECE485CacheProject.vcxproj" on node 2 (Build target(s)).
     1>ClCompile:
         C:\Program Files (x86)\Microsoft Visual Studio 13.0\VC\bin\CL.exe /c /ZI /nologo /W3 /WX- /Od /Oy- /D WIN32 /D _DEBUG /D _CONSOLE /D _UNICODE /D UNICODE /Gm /EHsc /RTC1 /MDd /GS /fp:precise /Zc:wchar_t /Zc:forScope /Fo"Debug\\" /Fd"Debug\vc120.pdb" /Gd /TC /analyze- /errorReport:prompt ..\..\..\Code\CacheSimulator.c
         CacheSimulator.c
     1>c:\git\cc-jf-dd-finalproject\code\cachesimulator.c(110): error C2106: '=' : left operand must be l-value
     1>c:\git\cc-jf-dd-finalproject\code\cachesimulator.c(125): error C2065: 'line_t' : undeclared identifier
     1>c:\git\cc-jf-dd-finalproject\code\cachesimulator.c(125): error C2059: syntax error : ')'
     1>c:\git\cc-jf-dd-finalproject\code\cachesimulator.c(132): error C2059: syntax error : 'if'
     1>c:\git\cc-jf-dd-finalproject\code\cachesimulator.c(142): error C2065: 'filename' : undeclared identifier
     1>c:\git\cc-jf-dd-finalproject\code\cachesimulator.c(142): warning C4047: 'function' : 'const char *' differs in levels of indirection from 'int'
     1>c:\git\cc-jf-dd-finalproject\code\cachesimulator.c(142): warning C4024: 'fopen' : different types for formal and actual parameter 1
     1>c:\git\cc-jf-dd-finalproject\code\cachesimulator.c(142): error C2099: initializer is not a constant
     1>c:\git\cc-jf-dd-finalproject\code\cachesimulator.c(143): error C2059: syntax error : 'if'
     1>c:\git\cc-jf-dd-finalproject\code\cachesimulator.c(168): warning C4273: 'fclose' : inconsistent dll linkage
                 c:\program files (x86)\microsoft visual studio 13.0\vc\include\stdio.h(184) : see previous definition of 'fclose'
     1>c:\git\cc-jf-dd-finalproject\code\cachesimulator.c(173): error C2371: 'free' : redefinition; different basic types
                 c:\program files (x86)\microsoft visual studio 13.0\vc\include\stdlib.h(641) : see declaration of 'free'
     1>c:\git\cc-jf-dd-finalproject\code\cachesimulator.c(174): error C2371: 'free' : redefinition; different basic types
                 c:\program files (x86)\microsoft visual studio 13.0\vc\include\stdlib.h(641) : see declaration of 'free'
     1>c:\git\cc-jf-dd-finalproject\code\cachesimulator.c(176): error C2059: syntax error : 'return'
     1>c:\git\cc-jf-dd-finalproject\code\cachesimulator.c(177): error C2059: syntax error : '}'
     1>c:\git\cc-jf-dd-finalproject\code\cachesimulator.c(211): error C2059: syntax error : '=='
     1>c:\git\cc-jf-dd-finalproject\code\cachesimulator.c(226): error C2146: syntax error : missing ')' before identifier 'Result'
     1>c:\git\cc-jf-dd-finalproject\code\cachesimulator.c(226): error C2061: syntax error : identifier 'Result'
     1>c:\git\cc-jf-dd-finalproject\code\cachesimulator.c(226): error C2059: syntax error : ';'
     1>c:\git\cc-jf-dd-finalproject\code\cachesimulator.c(226): error C2059: syntax error : ')'
     1>c:\git\cc-jf-dd-finalproject\code\cachesimulator.c(227): error C2449: found '{' at file scope (missing function header?)
     1>c:\git\cc-jf-dd-finalproject\code\cachesimulator.c(229): error C2059: syntax error : '}'
     1>c:\git\cc-jf-dd-finalproject\code\cachesimulator.c(260): fatal error C1004: unexpected end-of-file found
     1>Done Building Project "C:\GIT\cc-jf-dd-finalProject\Visual Studio\ECE485CacheProject\ECE485CacheProject\ECE485CacheProject.vcxproj" (Build target(s)) -- FAILED.

Build FAILED.

Time Elapsed 00:00:00.37
